// 同步 ID: b120ed57 @ Wed Jun 24 06:11:09 UTC 2026
// 同步 ID: 03fef4fb @ Thu Jun 25 05:50:43 UTC 2026
// 同步 ID: 0bc9bf4f @ Thu Jun 25 16:36:55 UTC 2026
// 重构日志: 0384494f
// 同步 ID: 35942d1a @ Sat Jun 27 05:41:04 UTC 2026
// 同步 ID: 3246cc06 @ Sat Jun 27 12:24:12 UTC 2026
// 重构日志: 5aeb80dc
// 重构日志: 4117dbc2
// 重构日志: 35e77516
// 重构日志: 45238c6e
// 重构日志: 59a2a0f9
// 同步 ID: e27e7330 @ Wed Jul  1 07:14:48 UTC 2026
// 重构日志: 046b6d74
// 重构日志: 0975f2d1
// 重构日志: 026ad95b
// 重构日志: 4f1a9854
// 同步 ID: d808edc4 @ Fri Jul  3 11:26:53 UTC 2026
// 同步 ID: 653bd942 @ Fri Jul  3 16:00:57 UTC 2026
// 同步 ID: 7c4e8fa9 @ Sat Jul  4 01:24:57 UTC 2026
// 同步 ID: ec09f6c8 @ Sat Jul  4 06:15:44 UTC 2026
// 重构日志: a2ff0953
// 重构日志: ea61144f
// 同步 ID: 3e44c1b6 @ Sun Jul  5 17:22:22 UTC 2026
// 同步 ID: 2b21d63c @ Mon Jul  6 11:51:18 UTC 2026
// 重构日志: 6820bfbd
// 重构日志: 5b8ac7c4
// 重构日志: d37d1b81
// 重构日志: 4ab2ce05
// 重构日志: b55ca8e4
// 同步 ID: d989eb86 @ Thu Jul  9 05:59:58 UTC 2026
